{
  "RSpec": {
    "coverage": {
      "/Users/agsdot/wdi/wdi-projects/gaMapQuery/app/models/user.rb": [
        1,
        null,
        null,
        null,
        1,
        null,
        null,
        null,
        1,
        null,
        null
      ],
      "/Users/agsdot/wdi/wdi-projects/gaMapQuery/app/controllers/application_controller.rb": [
        1,
        1,
        null
      ],
      "/Users/agsdot/wdi/wdi-projects/gaMapQuery/app/helpers/application_helper.rb": [
        1,
        null
      ],
      "/Users/agsdot/wdi/wdi-projects/gaMapQuery/app/helpers/locations_helper.rb": [
        1,
        null
      ],
      "/Users/agsdot/wdi/wdi-projects/gaMapQuery/app/controllers/locations_controller.rb": [
        1,
        1,
        null,
        null,
        null,
        1,
        2,
        1,
        null,
        1,
        null,
        null,
        2,
        2,
        2,
        null,
        null,
        null,
        null,
        null,
        1,
        null,
        1,
        1,
        1,
        null,
        1,
        null,
        1,
        1,
        1,
        null,
        null,
        null,
        1,
        1,
        1,
        1,
        1,
        null,
        null,
        null,
        null,
        null,
        null,
        1,
        1,
        null,
        1,
        1,
        1,
        null,
        null,
        null,
        null,
        null,
        1,
        0,
        null,
        0,
        0,
        0,
        null,
        null,
        null,
        null,
        1,
        1,
        null,
        null,
        null,
        null,
        1,
        0,
        null,
        0,
        0,
        0,
        0,
        null,
        0,
        0,
        null,
        null,
        null,
        null,
        null,
        null,
        1,
        0,
        null,
        0,
        0,
        0,
        0,
        null,
        0,
        0,
        null,
        null,
        null,
        null,
        null,
        null,
        1,
        1,
        1,
        null,
        1,
        2,
        1,
        null,
        null,
        null
      ],
      "/Users/agsdot/wdi/wdi-projects/gaMapQuery/app/models/location.rb": [
        1,
        1,
        null,
        1,
        1,
        null,
        null,
        1,
        null
      ],
      "/Users/agsdot/wdi/wdi-projects/gaMapQuery/app/mailers/contactme.rb": [
        1,
        1,
        null,
        1,
        1,
        1,
        null,
        1,
        null,
        null,
        null,
        null,
        null
      ]
    },
    "timestamp": 1368674981
  }
}
